<?xml version="1.0" encoding="UTF-8"?>
<testng-results ignored="0" total="1" passed="1" failed="0" skipped="0">
  <reporter-output>
  </reporter-output>
  <suite started-at="2023-12-30T17:43:17 IST" name="Default suite" finished-at="2023-12-30T17:43:22 IST" duration-ms="5498">
    <groups>
    </groups>
    <test started-at="2023-12-30T17:43:17 IST" name="Default test" finished-at="2023-12-30T17:43:22 IST" duration-ms="5498">
      <class name="TestCases.CreateRepositoryForAuthenticatedUser">
        <test-method signature="createRepo()[pri:0, instance:TestCases.CreateRepositoryForAuthenticatedUser@20ccf40b]" started-at="2023-12-30T17:43:17 IST" name="createRepo" finished-at="2023-12-30T17:43:22 IST" duration-ms="5442" status="PASS">
          <reporter-output>
          </reporter-output>
        </test-method> <!-- createRepo -->
      </class> <!-- TestCases.CreateRepositoryForAuthenticatedUser -->
    </test> <!-- Default test -->
  </suite> <!-- Default suite -->
</testng-results>
